#
# There is insufficient memory for the Java Runtime Environment to continue.
# Native memory allocation (mmap) failed to map 283115520 bytes for committing reserved memory.
# Possible reasons:
#   The system is out of physical RAM or swap space
#   The process is running with CompressedOops enabled, and the Java Heap may be blocking the growth of the native heap
# Possible solutions:
#   Reduce memory load on the system
#   Increase physical memory or swap space
#   Check if swap backing store is full
#   Decrease Java heap size (-Xmx/-Xms)
#   Decrease number of Java threads
#   Decrease Java thread stack sizes (-Xss)
#   Set larger code cache with -XX:ReservedCodeCacheSize=
#   JVM is running with Unscaled Compressed Oops mode in which the Java heap is
#     placed in the first 4GB address space. The Java Heap base address is the
#     maximum limit for the native heap growth. Please use -XX:HeapBaseMinAddress
#     to set the Java Heap base and to place the Java Heap above 4GB virtual address.
# This output file may be truncated or incomplete.
#
#  Out of Memory Error (os_linux.cpp:2709), pid=12858, tid=12868
#
# JRE version: Java(TM) SE Runtime Environment (11.0.1+13) (build 11.0.1+13-LTS)
# Java VM: Java HotSpot(TM) 64-Bit Server VM (11.0.1+13-LTS, mixed mode, tiered, compressed oops, g1 gc, linux-amd64)
# Core dump will be written. Default location: Core dumps may be processed with "/usr/share/apport/apport %p %s %c %d %P" (or dumping to /home/sirnande.lima/projeto-db1/CrudOrdemServico/core.12858)
#

---------------  S U M M A R Y ------------

Command Line: -agentlib:jdwp=transport=dt_socket,server=n,suspend=y,address=42541 -Dfile.encoding=UTF-8 -Duser.country=BR -Duser.language=pt -Duser.variant com.para.crudos.api.CrudOrdemServicoApplication

Host: Intel(R) Core(TM) i5-7200U CPU @ 2.50GHz, 4 cores, 6G, Ubuntu 18.10
Time: Tue Dec 18 12:04:17 2018 -02 elapsed time: 29 seconds (0d 0h 0m 29s)

---------------  T H R E A D  ---------------

Current thread (0x00007ff57413d800):  VMThread "VM Thread" [stack: 0x00007ff55c562000,0x00007ff55c662000] [id=12868]

Stack: [0x00007ff55c562000,0x00007ff55c662000],  sp=0x00007ff55c65ffa0,  free space=1015k
Native frames: (J=compiled Java code, A=aot compiled Java code, j=interpreted, Vv=VM code, C=native code)
V  [libjvm.so+0xe591d7]  VMError::report_and_die(int, char const*, char const*, __va_list_tag*, Thread*, unsigned char*, void*, void*, char const*, int, unsigned long)+0x2c7
V  [libjvm.so+0xe59e3b]  VMError::report_and_die(Thread*, char const*, int, unsigned long, VMErrorType, char const*, __va_list_tag*)+0x2b
V  [libjvm.so+0x6caf85]  report_vm_out_of_memory(char const*, int, unsigned long, VMErrorType, char const*, ...)+0xd5
V  [libjvm.so+0xc34c88]  os::pd_commit_memory_or_exit(char*, unsigned long, unsigned long, bool, char const*)+0x108
V  [libjvm.so+0xc2c6bd]  os::commit_memory_or_exit(char*, unsigned long, unsigned long, bool, char const*)+0x1d
V  [libjvm.so+0x7dff6f]  G1PageBasedVirtualSpace::commit_preferred_pages(unsigned long, unsigned long)+0x5f
V  [libjvm.so+0x7e01de]  G1PageBasedVirtualSpace::commit(unsigned long, unsigned long)+0x5e
V  [libjvm.so+0x7ebfb0]  G1RegionsLargerThanCommitSizeMapper::commit_regions(unsigned int, unsigned long, WorkGang*)+0x40
V  [libjvm.so+0x867609]  HeapRegionManager::commit_regions(unsigned int, unsigned long, WorkGang*)+0x89
V  [libjvm.so+0x86825f]  HeapRegionManager::make_regions_available(unsigned int, unsigned int, WorkGang*)+0x3f
V  [libjvm.so+0x8686e9]  HeapRegionManager::expand_at(unsigned int, unsigned int, WorkGang*) [clone .part.44]+0x119
V  [libjvm.so+0x7a4d8f]  G1CollectedHeap::expand(unsigned long, WorkGang*, double*)+0xdf
V  [libjvm.so+0x7a9a8a]  G1CollectedHeap::do_collection_pause_at_safepoint(double)+0x9ea
V  [libjvm.so+0xe6ce51]  VM_G1CollectForAllocation::doit()+0x81
V  [libjvm.so+0xe6ba48]  VM_Operation::evaluate()+0xd8
V  [libjvm.so+0xe6927f]  VMThread::evaluate_operation(VM_Operation*) [clone .constprop.54]+0xff
V  [libjvm.so+0xe6978e]  VMThread::loop()+0x3be
V  [libjvm.so+0xe69bbb]  VMThread::run()+0x7b
V  [libjvm.so+0xc3a900]  thread_native_entry(Thread*)+0xf0

VM_Operation (0x00007ff5039f0a40): G1CollectForAllocation, mode: safepoint, requested by thread 0x00007ff4fc003000


---------------  P R O C E S S  ---------------

Threads class SMR info:
_java_thread_list=0x00007ff4e412ff80, length=14, elements={
0x00007ff57401c000, 0x00007ff574145800, 0x00007ff574149800, 0x00007ff57415c000,
0x00007ff57415e000, 0x00007ff574160000, 0x00007ff574162800, 0x00007ff574210800,
0x00007ff574214800, 0x00007ff51c001800, 0x00007ff574216000, 0x00007ff574229000,
0x00007ff574c5c800, 0x00007ff4fc003000
}

Java Threads: ( => current thread )
  0x00007ff57401c000 JavaThread "main" [_thread_blocked, id=12859, stack(0x00007ff57a935000,0x00007ff57aa36000)]
  0x00007ff574145800 JavaThread "Reference Handler" daemon [_thread_blocked, id=12869, stack(0x00007ff55c45f000,0x00007ff55c560000)]
  0x00007ff574149800 JavaThread "Finalizer" daemon [_thread_blocked, id=12870, stack(0x00007ff55c35e000,0x00007ff55c45f000)]
  0x00007ff57415c000 JavaThread "Signal Dispatcher" daemon [_thread_blocked, id=12871, stack(0x00007ff55c25d000,0x00007ff55c35e000)]
  0x00007ff57415e000 JavaThread "C2 CompilerThread0" daemon [_thread_blocked, id=12872, stack(0x00007ff55c15c000,0x00007ff55c25d000)]
  0x00007ff574160000 JavaThread "C1 CompilerThread0" daemon [_thread_blocked, id=12873, stack(0x00007ff55c05b000,0x00007ff55c15c000)]
  0x00007ff574162800 JavaThread "Sweeper thread" daemon [_thread_blocked, id=12874, stack(0x00007ff5540df000,0x00007ff5541e0000)]
  0x00007ff574210800 JavaThread "JDWP Transport Listener: dt_socket" daemon [_thread_blocked, id=12875, stack(0x00007ff54cf1e000,0x00007ff54d01f000)]
  0x00007ff574214800 JavaThread "JDWP Event Helper Thread" daemon [_thread_blocked, id=12878, stack(0x00007ff54ce1d000,0x00007ff54cf1e000)]
  0x00007ff51c001800 JavaThread "JDWP Command Reader" daemon [_thread_in_native, id=12879, stack(0x00007ff54cd1c000,0x00007ff54ce1d000)]
  0x00007ff574216000 JavaThread "Service Thread" daemon [_thread_blocked, id=12880, stack(0x00007ff54cc1b000,0x00007ff54cd1c000)]
  0x00007ff574229000 JavaThread "Common-Cleaner" daemon [_thread_blocked, id=12883, stack(0x00007ff54ca18000,0x00007ff54cb19000)]
  0x00007ff574c5c800 JavaThread "Thread-0" [_thread_blocked, id=12886, stack(0x00007ff54c0ec000,0x00007ff54c1ed000)]
  0x00007ff4fc003000 JavaThread "restartedMain" [_thread_blocked, id=12887, stack(0x00007ff5038f4000,0x00007ff5039f5000)]

Other Threads:
=>0x00007ff57413d800 VMThread "VM Thread" [stack: 0x00007ff55c562000,0x00007ff55c662000] [id=12868]
  0x00007ff574221800 WatcherThread [stack: 0x00007ff54cb1b000,0x00007ff54cc1b000] [id=12882]
  0x00007ff574043000 GCTaskThread "GC Thread#0" [stack: 0x00007ff5791f4000,0x00007ff5792f4000] [id=12863]
  0x00007ff540001000 GCTaskThread "GC Thread#1" [stack: 0x00007ff54c3ef000,0x00007ff54c4ef000] [id=12885]
  0x00007ff540004000 GCTaskThread "GC Thread#2" [stack: 0x00007ff5032f3000,0x00007ff5033f3000] [id=12889]
  0x00007ff540005800 GCTaskThread "GC Thread#3" [stack: 0x00007ff5031f1000,0x00007ff5032f1000] [id=12890]
  0x00007ff57406e800 ConcurrentGCThread "G1 Main Marker" [stack: 0x00007ff57828e000,0x00007ff57838e000] [id=12864]
  0x00007ff574070800 ConcurrentGCThread "G1 Conc#0" [stack: 0x00007ff57818c000,0x00007ff57828c000] [id=12865]
  0x00007ff5740dc800 ConcurrentGCThread "G1 Refine#0" [stack: 0x00007ff55c842000,0x00007ff55c942000] [id=12866]
  0x00007ff5740de800 ConcurrentGCThread "G1 Young RemSet Sampling" [stack: 0x00007ff55c740000,0x00007ff55c840000] [id=12867]

Threads with active compile tasks:
C1 CompilerThread02658       3       java.lang.invoke.MethodHandleNatives$CallSiteContext::run (5 bytes)

VM state:at safepoint (normal execution)

VM Mutex/Monitor currently owned by a thread:  ([mutex/lock_event])
[0x00007ff574012be0] Threads_lock - owner thread: 0x00007ff57413d800
[0x00007ff574013330] Heap_lock - owner thread: 0x00007ff4fc003000

Heap address: 0x0000000093c00000, size: 1732 MB, Compressed Oops mode: 32-bit
Narrow klass base: 0x0000000000000000, Narrow klass shift: 3
Compressed class space size: 1073741824 Address: 0x0000000100000000

Heap:
 garbage-first heap   total 414720K, used 12406K [0x0000000093c00000, 0x0000000100000000)
  region size 1024K, 1 young (1024K), 1 survivors (1024K)
 Metaspace       used 30521K, capacity 31263K, committed 31488K, reserved 1077248K
  class space    used 3508K, capacity 3785K, committed 3840K, reserved 1048576K
Heap Regions: E=young(eden), S=young(survivor), O=old, HS=humongous(starts), HC=humongous(continues), CS=collection set, F=free, A=archive, TAMS=top-at-mark-start (previous, next)
|   0|0x0000000093c00000, 0x0000000093d00000, 0x0000000093d00000|100%|HS|  |TAMS 0x0000000093d00000, 0x0000000093c00000| Complete 
|   1|0x0000000093d00000, 0x0000000093e00000, 0x0000000093e00000|100%| O|  |TAMS 0x0000000093e00000, 0x0000000093d00000| Untracked 
|   2|0x0000000093e00000, 0x0000000093f00000, 0x0000000093f00000|100%| O|  |TAMS 0x0000000093f00000, 0x0000000093e00000| Untracked 
|   3|0x0000000093f00000, 0x0000000094000000, 0x0000000094000000|100%| O|  |TAMS 0x0000000094000000, 0x0000000093f00000| Untracked 
|   4|0x0000000094000000, 0x0000000094100000, 0x0000000094100000|100%| O|  |TAMS 0x0000000094100000, 0x0000000094000000| Untracked 
|   5|0x0000000094100000, 0x0000000094200000, 0x0000000094200000|100%| O|  |TAMS 0x00000000941d5a00, 0x0000000094100000| Untracked 
|   6|0x0000000094200000, 0x0000000094300000, 0x0000000094300000|100%| O|  |TAMS 0x0000000094200000, 0x0000000094200000| Untracked 
|   7|0x0000000094300000, 0x0000000094400000, 0x0000000094400000|100%| O|  |TAMS 0x0000000094300000, 0x0000000094300000| Untracked 
|   8|0x0000000094400000, 0x0000000094500000, 0x0000000094500000|100%| O|  |TAMS 0x0000000094400000, 0x0000000094400000| Untracked 
|   9|0x0000000094500000, 0x0000000094600000, 0x0000000094600000|100%| O|  |TAMS 0x0000000094500000, 0x0000000094500000| Untracked 
|  10|0x0000000094600000, 0x0000000094700000, 0x0000000094700000|100%| O|  |TAMS 0x0000000094600000, 0x0000000094600000| Untracked 
|  11|0x0000000094700000, 0x0000000094800000, 0x0000000094800000|100%| O|  |TAMS 0x0000000094700000, 0x0000000094700000| Untracked 
|  12|0x0000000094800000, 0x000000009480ba00, 0x0000000094900000|  4%| O|  |TAMS 0x0000000094800000, 0x0000000094800000| Untracked 
|  13|0x0000000094900000, 0x0000000094900000, 0x0000000094a00000|  0%| F|  |TAMS 0x0000000094900000, 0x0000000094900000| Untracked 
|  14|0x0000000094a00000, 0x0000000094a00000, 0x0000000094b00000|  0%| F|  |TAMS 0x0000000094a00000, 0x0000000094a00000| Untracked 
|  15|0x0000000094b00000, 0x0000000094b00000, 0x0000000094c00000|  0%| F|  |TAMS 0x0000000094b00000, 0x0000000094b00000| Untracked 
|  16|0x0000000094c00000, 0x0000000094c00000, 0x0000000094d00000|  0%| F|  |TAMS 0x0000000094c00000, 0x0000000094c00000| Untracked 
|  17|0x0000000094d00000, 0x0000000094d00000, 0x0000000094e00000|  0%| F|  |TAMS 0x0000000094d00000, 0x0000000094d00000| Untracked 
|  18|0x0000000094e00000, 0x0000000094e00000, 0x0000000094f00000|  0%| F|  |TAMS 0x0000000094e00000, 0x0000000094e00000| Untracked 
|  19|0x0000000094f00000, 0x0000000094f00000, 0x0000000095000000|  0%| F|  |TAMS 0x0000000094f00000, 0x0000000094f00000| Untracked 
|  20|0x0000000095000000, 0x0000000095000000, 0x0000000095100000|  0%| F|  |TAMS 0x0000000095000000, 0x0000000095000000| Untracked 
|  21|0x0000000095100000, 0x0000000095100000, 0x0000000095200000|  0%| F|  |TAMS 0x0000000095100000, 0x0000000095100000| Untracked 
|  22|0x0000000095200000, 0x0000000095200000, 0x0000000095300000|  0%| F|  |TAMS 0x0000000095200000, 0x0000000095200000| Untracked 
|  23|0x0000000095300000, 0x0000000095300000, 0x0000000095400000|  0%| F|  |TAMS 0x0000000095300000, 0x0000000095300000| Untracked 
|  24|0x0000000095400000, 0x0000000095400000, 0x0000000095500000|  0%| F|  |TAMS 0x0000000095400000, 0x0000000095400000| Untracked 
|  25|0x0000000095500000, 0x0000000095500000, 0x0000000095600000|  0%| F|  |TAMS 0x0000000095500000, 0x0000000095500000| Untracked 
|  26|0x0000000095600000, 0x0000000095600000, 0x0000000095700000|  0%| F|  |TAMS 0x0000000095600000, 0x0000000095600000| Untracked 
|  27|0x0000000095700000, 0x0000000095700000, 0x0000000095800000|  0%| F|  |TAMS 0x0000000095700000, 0x0000000095700000| Untracked 
|  28|0x0000000095800000, 0x0000000095800000, 0x0000000095900000|  0%| F|  |TAMS 0x0000000095800000, 0x0000000095800000| Untracked 
|  29|0x0000000095900000, 0x0000000095900000, 0x0000000095a00000|  0%| F|  |TAMS 0x0000000095900000, 0x0000000095900000| Untracked 
|  30|0x0000000095a00000, 0x0000000095a00000, 0x0000000095b00000|  0%| F|  |TAMS 0x0000000095a00000, 0x0000000095a00000| Untracked 
|  31|0x0000000095b00000, 0x0000000095b00000, 0x0000000095c00000|  0%| F|  |TAMS 0x0000000095b00000, 0x0000000095b00000| Untracked 
|  32|0x0000000095c00000, 0x0000000095c00000, 0x0000000095d00000|  0%| F|  |TAMS 0x0000000095c00000, 0x0000000095c00000| Untracked 
|  33|0x0000000095d00000, 0x0000000095d00000, 0x0000000095e00000|  0%| F|  |TAMS 0x0000000095d00000, 0x0000000095d00000| Untracked 
|  34|0x0000000095e00000, 0x0000000095e00000, 0x0000000095f00000|  0%| F|  |TAMS 0x0000000095e00000, 0x0000000095e00000| Untracked 
|  35|0x0000000095f00000, 0x0000000095f00000, 0x0000000096000000|  0%| F|  |TAMS 0x0000000095f00000, 0x0000000095f00000| Untracked 
|  36|0x0000000096000000, 0x0000000096000000, 0x0000000096100000|  0%| F|  |TAMS 0x0000000096000000, 0x0000000096000000| Untracked 
|  37|0x0000000096100000, 0x0000000096100000, 0x0000000096200000|  0%| F|  |TAMS 0x0000000096100000, 0x0000000096100000| Untracked 
|  38|0x0000000096200000, 0x0000000096200000, 0x0000000096300000|  0%| F|  |TAMS 0x0000000096200000, 0x0000000096200000| Untracked 
|  39|0x0000000096300000, 0x0000000096300000, 0x0000000096400000|  0%| F|  |TAMS 0x0000000096300000, 0x0000000096300000| Untracked 
|  40|0x0000000096400000, 0x0000000096400000, 0x0000000096500000|  0%| F|  |TAMS 0x0000000096400000, 0x0000000096400000| Untracked 
|  41|0x0000000096500000, 0x0000000096500000, 0x0000000096600000|  0%| F|  |TAMS 0x0000000096500000, 0x0000000096500000| Untracked 
|  42|0x0000000096600000, 0x0000000096600000, 0x0000000096700000|  0%| F|  |TAMS 0x0000000096600000, 0x0000000096600000| Untracked 
|  43|0x0000000096700000, 0x0000000096700000, 0x0000000096800000|  0%| F|  |TAMS 0x0000000096700000, 0x0000000096700000| Untracked 
|  44|0x0000000096800000, 0x0000000096800000, 0x0000000096900000|  0%| F|  |TAMS 0x0000000096800000, 0x0000000096800000| Untracked 
|  45|0x0000000096900000, 0x0000000096900000, 0x0000000096a00000|  0%| F|  |TAMS 0x0000000096900000, 0x0000000096900000| Untracked 
|  46|0x0000000096a00000, 0x0000000096a00000, 0x0000000096b00000|  0%| F|  |TAMS 0x0000000096a00000, 0x0000000096a00000| Untracked 
|  47|0x0000000096b00000, 0x0000000096b00000, 0x0000000096c00000|  0%| F|  |TAMS 0x0000000096b00000, 0x0000000096b00000| Untracked 
|  48|0x0000000096c00000, 0x0000000096c00000, 0x0000000096d00000|  0%| F|  |TAMS 0x0000000096c00000, 0x0000000096c00000| Untracked 
|  49|0x0000000096d00000, 0x0000000096d00000, 0x0000000096e00000|  0%| F|  |TAMS 0x0000000096d00000, 0x0000000096d00000| Untracked 
|  50|0x0000000096e00000, 0x0000000096e00000, 0x0000000096f00000|  0%| F|  |TAMS 0x0000000096e00000, 0x0000000096e00000| Untracked 
|  51|0x0000000096f00000, 0x0000000096f00000, 0x0000000097000000|  0%| F|  |TAMS 0x0000000096f00000, 0x0000000096f00000| Untracked 
|  52|0x0000000097000000, 0x0000000097000000, 0x0000000097100000|  0%| F|  |TAMS 0x0000000097000000, 0x0000000097000000| Untracked 
|  53|0x0000000097100000, 0x0000000097100000, 0x0000000097200000|  0%| F|  |TAMS 0x0000000097100000, 0x0000000097100000| Untracked 
|  54|0x0000000097200000, 0x0000000097200000, 0x0000000097300000|  0%| F|  |TAMS 0x0000000097200000, 0x0000000097200000| Untracked 
|  55|0x0000000097300000, 0x0000000097300000, 0x0000000097400000|  0%| F|  |TAMS 0x0000000097300000, 0x0000000097300000| Untracked 
|  56|0x0000000097400000, 0x0000000097400000, 0x0000000097500000|  0%| F|  |TAMS 0x0000000097400000, 0x0000000097400000| Untracked 
|  57|0x0000000097500000, 0x0000000097500000, 0x0000000097600000|  0%| F|  |TAMS 0x0000000097500000, 0x0000000097500000| Untracked 
|  58|0x0000000097600000, 0x0000000097600000, 0x0000000097700000|  0%| F|  |TAMS 0x0000000097600000, 0x0000000097600000| Untracked 
|  59|0x0000000097700000, 0x0000000097700000, 0x0000000097800000|  0%| F|  |TAMS 0x0000000097700000, 0x0000000097700000| Untracked 
|  60|0x0000000097800000, 0x0000000097800000, 0x0000000097900000|  0%| F|  |TAMS 0x0000000097800000, 0x0000000097800000| Untracked 
|  61|0x0000000097900000, 0x0000000097900000, 0x0000000097a00000|  0%| F|  |TAMS 0x0000000097900000, 0x0000000097900000| Untracked 
|  62|0x0000000097a00000, 0x0000000097a00000, 0x0000000097b00000|  0%| F|  |TAMS 0x0000000097a00000, 0x0000000097a00000| Untracked 
|  63|0x0000000097b00000, 0x0000000097b00000, 0x0000000097c00000|  0%| F|  |TAMS 0x0000000097b00000, 0x0000000097b00000| Untracked 
|  64|0x0000000097c00000, 0x0000000097c00000, 0x0000000097d00000|  0%| F|  |TAMS 0x0000000097c00000, 0x0000000097c00000| Untracked 
|  65|0x0000000097d00000, 0x0000000097d00000, 0x0000000097e00000|  0%| F|  |TAMS 0x0000000097d00000, 0x0000000097d00000| Untracked 
|  66|0x0000000097e00000, 0x0000000097e00000, 0x0000000097f00000|  0%| F|  |TAMS 0x0000000097e00000, 0x0000000097e00000| Untracked 
|  67|0x0000000097f00000, 0x0000000097f00000, 0x0000000098000000|  0%| F|  |TAMS 0x0000000097f00000, 0x0000000097f00000| Untracked 
|  68|0x0000000098000000, 0x0000000098000000, 0x0000000098100000|  0%| F|  |TAMS 0x0000000098000000, 0x0000000098000000| Untracked 
|  69|0x0000000098100000, 0x0000000098100000, 0x0000000098200000|  0%| F|  |TAMS 0x0000000098100000, 0x0000000098100000| Untracked 
|  70|0x0000000098200000, 0x0000000098200000, 0x0000000098300000|  0%| F|  |TAMS 0x0000000098200000, 0x0000000098200000| Untracked 
|  71|0x0000000098300000, 0x0000000098300000, 0x0000000098400000|  0%| F|  |TAMS 0x0000000098300000, 0x0000000098300000| Untracked 
|  72|0x0000000098400000, 0x0000000098400000, 0x0000000098500000|  0%| F|  |TAMS 0x0000000098400000, 0x0000000098400000| Untracked 
|  73|0x0000000098500000, 0x0000000098500000, 0x0000000098600000|  0%| F|  |TAMS 0x0000000098500000, 0x0000000098500000| Untracked 
|  74|0x0000000098600000, 0x0000000098600000, 0x0000000098700000|  0%| F|  |TAMS 0x0000000098600000, 0x0000000098600000| Untracked 
|  75|0x0000000098700000, 0x0000000098700000, 0x0000000098800000|  0%| F|  |TAMS 0x0000000098700000, 0x0000000098700000| Untracked 
|  76|0x0000000098800000, 0x0000000098800000, 0x0000000098900000|  0%| F|  |TAMS 0x0000000098800000, 0x0000000098800000| Untracked 
|  77|0x0000000098900000, 0x0000000098900000, 0x0000000098a00000|  0%| F|  |TAMS 0x0000000098900000, 0x0000000098900000| Untracked 
|  78|0x0000000098a00000, 0x0000000098a00000, 0x0000000098b00000|  0%| F|  |TAMS 0x0000000098a00000, 0x0000000098a00000| Untracked 
|  79|0x0000000098b00000, 0x0000000098b00000, 0x0000000098c00000|  0%| F|  |TAMS 0x0000000098b00000, 0x0000000098b00000| Untracked 
|  80|0x0000000098c00000, 0x0000000098c00000, 0x0000000098d00000|  0%| F|  |TAMS 0x0000000098c00000, 0x0000000098c00000| Untracked 
|  81|0x0000000098d00000, 0x0000000098d00000, 0x0000000098e00000|  0%| F|  |TAMS 0x0000000098d00000, 0x0000000098d00000| Untracked 
|  82|0x0000000098e00000, 0x0000000098e00000, 0x0000000098f00000|  0%| F|  |TAMS 0x0000000098e00000, 0x0000000098e00000| Untracked 
|  83|0x0000000098f00000, 0x0000000098f00000, 0x0000000099000000|  0%| F|  |TAMS 0x0000000098f00000, 0x0000000098f00000| Untracked 
|  84|0x0000000099000000, 0x0000000099000000, 0x0000000099100000|  0%| F|  |TAMS 0x0000000099000000, 0x0000000099000000| Untracked 
|  85|0x0000000099100000, 0x0000000099100000, 0x0000000099200000|  0%| F|  |TAMS 0x0000000099100000, 0x0000000099100000| Untracked 
|  86|0x0000000099200000, 0x0000000099200000, 0x0000000099300000|  0%| F|  |TAMS 0x0000000099200000, 0x0000000099200000| Untracked 
|  87|0x0000000099300000, 0x0000000099300000, 0x0000000099400000|  0%| F|  |TAMS 0x0000000099300000, 0x0000000099300000| Untracked 
|  88|0x0000000099400000, 0x0000000099400000, 0x0000000099500000|  0%| F|  |TAMS 0x0000000099400000, 0x0000000099400000| Untracked 
|  89|0x0000000099500000, 0x0000000099500000, 0x0000000099600000|  0%| F|  |TAMS 0x0000000099500000, 0x0000000099500000| Untracked 
|  90|0x0000000099600000, 0x0000000099600000, 0x0000000099700000|  0%| F|  |TAMS 0x0000000099600000, 0x0000000099600000| Untracked 
|  91|0x0000000099700000, 0x0000000099700000, 0x0000000099800000|  0%| F|  |TAMS 0x0000000099700000, 0x0000000099700000| Untracked 
|  92|0x0000000099800000, 0x0000000099800000, 0x0000000099900000|  0%| F|  |TAMS 0x0000000099800000, 0x0000000099800000| Untracked 
|  93|0x0000000099900000, 0x0000000099900000, 0x0000000099a00000|  0%| F|  |TAMS 0x0000000099900000, 0x0000000099900000| Untracked 
|  94|0x0000000099a00000, 0x0000000099a00000, 0x0000000099b00000|  0%| F|  |TAMS 0x0000000099a00000, 0x0000000099a00000| Untracked 
|  95|0x0000000099b00000, 0x0000000099b00000, 0x0000000099c00000|  0%| F|  |TAMS 0x0000000099b00000, 0x0000000099b00000| Untracked 
|  96|0x0000000099c00000, 0x0000000099c00000, 0x0000000099d00000|  0%| F|  |TAMS 0x0000000099c00000, 0x0000000099c00000| Untracked 
|  97|0x0000000099d00000, 0x0000000099d00000, 0x0000000099e00000|  0%| F|  |TAMS 0x0000000099d00000, 0x0000000099d00000| Untracked 
|  98|0x0000000099e00000, 0x0000000099e00000, 0x0000000099f00000|  0%| F|  |TAMS 0x0000000099e00000, 0x0000000099e00000| Untracked 
|  99|0x0000000099f00000, 0x0000000099f00000, 0x000000009a000000|  0%| F|  |TAMS 0x0000000099f00000, 0x0000000099f00000| Untracked 
| 100|0x000000009a000000, 0x000000009a000000, 0x000000009a100000|  0%| F|  |TAMS 0x000000009a000000, 0x000000009a000000| Untracked 
| 101|0x000000009a100000, 0x000000009a100000, 0x000000009a200000|  0%| F|  |TAMS 0x000000009a100000, 0x000000009a100000| Untracked 
| 102|0x000000009a200000, 0x000000009a200000, 0x000000009a300000|  0%| F|  |TAMS 0x000000009a200000, 0x000000009a200000| Untracked 
| 103|0x000000009a300000, 0x000000009a300000, 0x000000009a400000|  0%| F|  |TAMS 0x000000009a300000, 0x000000009a300000| Untracked 
| 104|0x000000009a400000, 0x000000009a400000, 0x000000009a500000|  0%| F|  |TAMS 0x000000009a400000, 0x000000009a400000| Untracked 
| 105|0x000000009a500000, 0x000000009a500000, 0x000000009a600000|  0%| F|  |TAMS 0x000000009a500000, 0x000000009a500000| Untracked 
| 106|0x000000009a600000, 0x000000009a600000, 0x000000009a700000|  0%| F|  |TAMS 0x000000009a600000, 0x000000009a600000| Untracked 
| 107|0x000000009a700000, 0x000000009a700000, 0x000000009a800000|  0%| F|  |TAMS 0x000000009a700000, 0x000000009a700000| Untracked 
| 108|0x000000009a800000, 0x000000009a800000, 0x000000009a900000|  0%| F|  |TAMS 0x000000009a800000, 0x000000009a800000| Untracked 
| 109|0x000000009a900000, 0x000000009a900000, 0x000000009aa00000|  0%| F|  |TAMS 0x000000009a900000, 0x000000009a900000| Untracked 
| 110|0x000000009aa00000, 0x000000009aa00000, 0x000000009ab00000|  0%| F|  |TAMS 0x000000009aa00000, 0x000000009aa00000| Untracked 
| 111|0x000000009ab00000, 0x000000009ab00000, 0x000000009ac00000|  0%| F|  |TAMS 0x000000009ab00000, 0x000000009ab00000| Untracked 
| 112|0x000000009ac00000, 0x000000009ac00000, 0x000000009ad00000|  0%| F|  |TAMS 0x000000009ac00000, 0x000000009ac00000| Untracked 
| 113|0x000000009ad00000, 0x000000009ad00000, 0x000000009ae00000|  0%| F|  |TAMS 0x000000009ad00000, 0x000000009ad00000| Untracked 
| 114|0x000000009ae00000, 0x000000009ae00000, 0x000000009af00000|  0%| F|  |TAMS 0x000000009ae00000, 0x000000009ae00000| Untracked 
| 115|0x000000009af00000, 0x000000009af00000, 0x000000009b000000|  0%| F|  |TAMS 0x000000009af00000, 0x000000009af00000| Untracked 
| 116|0x000000009b000000, 0x000000009b000000, 0x000000009b100000|  0%| F|  |TAMS 0x000000009b000000, 0x000000009b000000| Untracked 
| 117|0x000000009b100000, 0x000000009b100000, 0x000000009b200000|  0%| F|  |TAMS 0x000000009b100000, 0x000000009b100000| Untracked 
| 118|0x000000009b200000, 0x000000009b200000, 0x000000009b300000|  0%| F|  |TAMS 0x000000009b200000, 0x000000009b200000| Untracked 
| 119|0x000000009b300000, 0x000000009b300000, 0x000000009b400000|  0%| F|  |TAMS 0x000000009b300000, 0x000000009b300000| Untracked 
| 120|0x000000009b400000, 0x000000009b400000, 0x000000009b500000|  0%| F|  |TAMS 0x000000009b400000, 0x000000009b400000| Untracked 
| 121|0x000000009b500000, 0x000000009b500000, 0x000000009b600000|  0%| F|  |TAMS 0x000000009b500000, 0x000000009b500000| Untracked 
| 122|0x000000009b600000, 0x000000009b600000, 0x000000009b700000|  0%| F|  |TAMS 0x000000009b600000, 0x000000009b600000| Untracked 
| 123|0x000000009b700000, 0x000000009b700000, 0x000000009b800000|  0%| F|  |TAMS 0x000000009b700000, 0x000000009b700000| Untracked 
| 124|0x000000009b800000, 0x000000009b800000, 0x000000009b900000|  0%| F|  |TAMS 0x000000009b800000, 0x000000009b800000| Untracked 
| 125|0x000000009b900000, 0x000000009b900000, 0x000000009ba00000|  0%| F|  |TAMS 0x000000009b900000, 0x000000009b900000| Untracked 
| 126|0x000000009ba00000, 0x000000009ba00000, 0x000000009bb00000|  0%| F|  |TAMS 0x000000009ba00000, 0x000000009ba00000| Untracked 
| 127|0x000000009bb00000, 0x000000009bb00000, 0x000000009bc00000|  0%| F|  |TAMS 0x000000009bb00000, 0x000000009bb00000| Untracked 
| 128|0x000000009bc00000, 0x000000009bc00000, 0x000000009bd00000|  0%| F|  |TAMS 0x000000009bc00000, 0x000000009bc00000| Untracked 
| 129|0x000000009bd00000, 0x000000009bd12108, 0x000000009be00000|  7%| S|CS|TAMS 0x000000009bd00000, 0x000000009bd00000| Complete 
| 130|0x000000009be00000, 0x000000009be00000, 0x000000009bf00000|  0%| F|  |TAMS 0x000000009be00000, 0x000000009be00000| Untracked 
| 131|0x000000009bf00000, 0x000000009bf00000, 0x000000009c000000|  0%| F|  |TAMS 0x000000009bf00000, 0x000000009bf00000| Untracked 
| 132|0x000000009c000000, 0x000000009c000000, 0x000000009c100000|  0%| F|  |TAMS 0x000000009c000000, 0x000000009c000000| Untracked 
| 133|0x000000009c100000, 0x000000009c100000, 0x000000009c200000|  0%| F|  |TAMS 0x000000009c100000, 0x000000009c100000| Untracked 
| 134|0x000000009c200000, 0x000000009c200000, 0x000000009c300000|  0%| F|  |TAMS 0x000000009c200000, 0x000000009c200000| Untracked 

Card table byte_map: [0x00007ff57872a000,0x00007ff578a8c000] _byte_map_base: 0x00007ff57828c000

Marking Bits (Prev, Next): (CMBitMap*) 0x00007ff574066d50, (CMBitMap*) 0x00007ff574066d18
 Prev Bits: [0x00007ff5549e0000, 0x00007ff5564f0000)
 Next Bits: [0x00007ff5564f0000, 0x00007ff558000000)

Polling page: 0x00007ff57c6fd000

Metaspace:

Usage:
  Non-class:     26,83 MB capacity,    26,38 MB ( 98%) used,   386,27 KB (  1%) free+waste,    79,19 KB ( <1%) overhead. 
      Class:      3,70 MB capacity,     3,43 MB ( 93%) used,   238,98 KB (  6%) free+waste,    37,25 KB ( <1%) overhead. 
       Both:     30,53 MB capacity,    29,81 MB ( 98%) used,   625,24 KB (  2%) free+waste,   116,44 KB ( <1%) overhead. 

Virtual space:
  Non-class space:       28,00 MB reserved,      27,00 MB ( 96%) committed 
      Class space:        1,00 GB reserved,       3,75 MB ( <1%) committed 
             Both:        1,03 GB reserved,      30,75 MB (  3%) committed 

Chunk freelists:
   Non-Class:  5,75 KB
       Class:  2,88 KB
        Both:  8,62 KB

CodeHeap 'non-profiled nmethods': size=120032Kb used=1555Kb max_used=1555Kb free=118476Kb
 bounds [0x00007ff56470d000, 0x00007ff56497d000, 0x00007ff56bc45000]
CodeHeap 'profiled nmethods': size=120032Kb used=5911Kb max_used=5911Kb free=114121Kb
 bounds [0x00007ff55d1d5000, 0x00007ff55d7a5000, 0x00007ff56470d000]
CodeHeap 'non-nmethods': size=5696Kb used=1187Kb max_used=1241Kb free=4508Kb
 bounds [0x00007ff55cc45000, 0x00007ff55ceb5000, 0x00007ff55d1d5000]
 total_blobs=3712 nmethods=2548 adapters=379
 compilation: enabled
              stopped_count=0, restarted_count=0
 full_count=0

Compilation events (10 events):
Event: 15,443 Thread 0x00007ff57415e000 nmethod 2633 0x00007ff564890010 code [0x00007ff5648901a0, 0x00007ff564890298]
Event: 15,443 Thread 0x00007ff57415e000 2635       4       jdk.internal.loader.BuiltinClassLoader::hasClassPath (13 bytes)
Event: 15,444 Thread 0x00007ff57415e000 nmethod 2635 0x00007ff564890390 code [0x00007ff564890520, 0x00007ff564890598]
Event: 15,444 Thread 0x00007ff57415e000 2655   !   4       java.util.zip.ZipFile$ZipFileInputStream::close (59 bytes)
Event: 15,447 Thread 0x00007ff574160000 2656   !   3       java.lang.Class::getTypeName (76 bytes)
Event: 15,448 Thread 0x00007ff574160000 nmethod 2656 0x00007ff55d79aa10 code [0x00007ff55d79ace0, 0x00007ff55d79bab8]
Event: 15,582 Thread 0x00007ff57415e000 nmethod 2655 0x00007ff564890610 code [0x00007ff564890800, 0x00007ff564891288]
Event: 15,582 Thread 0x00007ff57415e000 2657       4       java.util.jar.Manifest$FastInputStream::peek (38 bytes)
Event: 15,586 Thread 0x00007ff57415e000 nmethod 2657 0x00007ff564891790 code [0x00007ff564891940, 0x00007ff564891a48]
Event: 22,561 Thread 0x00007ff574160000 2658       3       java.lang.invoke.MethodHandleNatives$CallSiteContext::run (5 bytes)

GC Heap History (10 events):
Event: 1,476 GC heap after
{Heap after GC invocations=4 (full 0):
 garbage-first heap   total 112640K, used 8059K [0x0000000093c00000, 0x0000000100000000)
  region size 1024K, 3 young (3072K), 3 survivors (3072K)
 Metaspace       used 17107K, capacity 17444K, committed 17664K, reserved 1064960K
  class space    used 1839K, capacity 1946K, committed 2048K, reserved 1048576K
}
Event: 2,127 GC heap before
{Heap before GC invocations=4 (full 0):
 garbage-first heap   total 112640K, used 32635K [0x0000000093c00000, 0x0000000100000000)
  region size 1024K, 28 young (28672K), 3 survivors (3072K)
 Metaspace       used 20666K, capacity 21083K, committed 21248K, reserved 1069056K
  class space    used 2354K, capacity 2524K, committed 2560K, reserved 1048576K
}
Event: 2,133 GC heap after
{Heap after GC invocations=5 (full 0):
 garbage-first heap   total 138240K, used 9046K [0x0000000093c00000, 0x0000000100000000)
  region size 1024K, 3 young (3072K), 3 survivors (3072K)
 Metaspace       used 20666K, capacity 21083K, committed 21248K, reserved 1069056K
  class space    used 2354K, capacity 2524K, committed 2560K, reserved 1048576K
}
Event: 15,719 GC heap before
{Heap before GC invocations=6 (full 0):
 garbage-first heap   total 138240K, used 87894K [0x0000000093c00000, 0x0000000100000000)
  region size 1024K, 81 young (82944K), 3 survivors (3072K)
 Metaspace       used 30521K, capacity 31263K, committed 31488K, reserved 1077248K
  class space    used 3508K, capacity 3785K, committed 3840K, reserved 1048576K
}
Event: 19,451 GC heap after
{Heap after GC invocations=7 (full 0):
 garbage-first heap   total 138240K, used 12507K [0x0000000093c00000, 0x0000000100000000)
  region size 1024K, 7 young (7168K), 7 survivors (7168K)
 Metaspace       used 30521K, capacity 31263K, committed 31488K, reserved 1077248K
  class space    used 3508K, capacity 3785K, committed 3840K, reserved 1048576K
}
Event: 20,809 GC heap before
{Heap before GC invocations=7 (full 0):
 garbage-first heap   total 138240K, used 12507K [0x0000000093c00000, 0x0000000100000000)
  region size 1024K, 8 young (8192K), 7 survivors (7168K)
 Metaspace       used 30521K, capacity 31263K, committed 31488K, reserved 1077248K
  class space    used 3508K, capacity 3785K, committed 3840K, reserved 1048576K
}
Event: 21,318 GC heap after
{Heap after GC invocations=8 (full 0):
 garbage-first heap   total 138240K, used 12642K [0x0000000093c00000, 0x0000000100000000)
  region size 1024K, 1 young (1024K), 1 survivors (1024K)
 Metaspace       used 30521K, capacity 31263K, committed 31488K, reserved 1077248K
  class space    used 3508K, capacity 3785K, committed 3840K, reserved 1048576K
}
Event: 23,575 GC heap before
{Heap before GC invocations=8 (full 0):
 garbage-first heap   total 138240K, used 16738K [0x0000000093c00000, 0x0000000100000000)
  region size 1024K, 6 young (6144K), 1 survivors (1024K)
 Metaspace       used 30521K, capacity 31263K, committed 31488K, reserved 1077248K
  class space    used 3508K, capacity 3785K, committed 3840K, reserved 1048576K
}
Event: 25,800 GC heap after
{Heap after GC invocations=9 (full 0):
 garbage-first heap   total 138240K, used 12450K [0x0000000093c00000, 0x0000000100000000)
  region size 1024K, 1 young (1024K), 1 survivors (1024K)
 Metaspace       used 30521K, capacity 31263K, committed 31488K, reserved 1077248K
  class space    used 3508K, capacity 3785K, committed 3840K, reserved 1048576K
}
Event: 26,796 GC heap before
{Heap before GC invocations=9 (full 0):
 garbage-first heap   total 138240K, used 16546K [0x0000000093c00000, 0x0000000100000000)
  region size 1024K, 6 young (6144K), 1 survivors (1024K)
 Metaspace       used 30521K, capacity 31263K, committed 31488K, reserved 1077248K
  class space    used 3508K, capacity 3785K, committed 3840K, reserved 1048576K
}

Deoptimization events (10 events):
Event: 4,950 Thread 0x00007ff4fc003000 Uncommon trap: reason=unstable_if action=reinterpret pc=0x00007ff5647f275c method=java.lang.String.<init>([CIILjava/lang/Void;)V @ 5 c2
Event: 4,980 Thread 0x00007ff4f403b800 Uncommon trap: reason=unstable_if action=reinterpret pc=0x00007ff564805034 method=com.sun.org.apache.xerces.internal.impl.XMLEntityScanner.skipSpaces()Z @ 125 c2
Event: 6,012 Thread 0x00007ff4f403b800 Uncommon trap: reason=intrinsic_or_type_checked_inlining action=make_not_entrant pc=0x00007ff56483383c method=java.util.Arrays.copyOf([Ljava/lang/Object;ILjava/lang/Class;)[Ljava/lang/Object; @ 35 c2
Event: 6,292 Thread 0x00007ff4fc003000 Uncommon trap: reason=unstable_if action=reinterpret pc=0x00007ff5647f875c method=java.lang.String.<init>([CIILjava/lang/Void;)V @ 5 c2
Event: 7,152 Thread 0x00007ff4fc003000 Uncommon trap: reason=unstable_if action=reinterpret pc=0x00007ff5647fd5bc method=org.springframework.asm.ClassReader.readUTF8(I[C)Ljava/lang/String; @ 11 c2
Event: 13,285 Thread 0x00007ff4fc003000 Uncommon trap: reason=profile_predicate action=maybe_recompile pc=0x00007ff56486b8f0 method=jdk.internal.jimage.ImageStringsReader.charsFromByteBuffer([CLjava/nio/ByteBuffer;)V @ 6 c2
Event: 13,285 Thread 0x00007ff4fc003000 Uncommon trap: reason=profile_predicate action=maybe_recompile pc=0x00007ff56486b8f0 method=jdk.internal.jimage.ImageStringsReader.charsFromByteBuffer([CLjava/nio/ByteBuffer;)V @ 6 c2
Event: 13,285 Thread 0x00007ff4fc003000 Uncommon trap: reason=profile_predicate action=maybe_recompile pc=0x00007ff56486b8f0 method=jdk.internal.jimage.ImageStringsReader.charsFromByteBuffer([CLjava/nio/ByteBuffer;)V @ 6 c2
Event: 13,285 Thread 0x00007ff4fc003000 Uncommon trap: reason=profile_predicate action=maybe_recompile pc=0x00007ff56486b8f0 method=jdk.internal.jimage.ImageStringsReader.charsFromByteBuffer([CLjava/nio/ByteBuffer;)V @ 6 c2
Event: 13,401 Thread 0x00007ff4fc003000 Uncommon trap: reason=profile_predicate action=maybe_recompile pc=0x00007ff564871070 method=jdk.internal.jimage.ImageStringsReader.charsFromByteBuffer([CLjava/nio/ByteBuffer;)V @ 6 c2

Classes redefined (0 events):
No events

Internal exceptions (10 events):
Event: 2,922 Thread 0x00007ff4f403b800 Exception <a 'java/lang/NoSuchMethodError'{0x000000009ae18470}: java.lang.invoke.DirectMethodHandle$Holder.invokeStaticInit(Ljava/lang/Object;Ljava/lang/Object;)J> (0x000000009ae18470) thrown at [/scratch/opt/mach5/mesos/work_dir/slaves/83bb4d84-382c-4ead
Event: 2,924 Thread 0x00007ff4f403b800 Exception <a 'java/lang/NoSuchMethodError'{0x000000009ae24918}: java.lang.invoke.DirectMethodHandle$Holder.invokeInterface(Ljava/lang/Object;Ljava/lang/Object;)J> (0x000000009ae24918) thrown at [/scratch/opt/mach5/mesos/work_dir/slaves/83bb4d84-382c-4ead-
Event: 2,924 Thread 0x00007ff4f403b800 Exception <a 'java/lang/IncompatibleClassChangeError'{0x000000009ae276b0}: Found class java.lang.Object, but interface was expected> (0x000000009ae276b0) thrown at [/scratch/opt/mach5/mesos/work_dir/slaves/83bb4d84-382c-4ead-b585-d8ef0018fefe-S6551/framew
Event: 2,940 Thread 0x00007ff4f403b800 Exception <a 'java/lang/NoSuchMethodError'{0x000000009ae46418}: java.lang.invoke.DirectMethodHandle$Holder.invokeVirtual(Ljava/lang/Object;Ljava/lang/Object;Ljava/lang/Object;Ljava/lang/Object;)Ljava/lang/Object;> (0x000000009ae46418) thrown at [/scratch/
Event: 5,494 Thread 0x00007ff4f403b800 Exception <a 'java/lang/IncompatibleClassChangeError'{0x0000000099912608}: Found class java.lang.Object, but interface was expected> (0x0000000099912608) thrown at [/scratch/opt/mach5/mesos/work_dir/slaves/83bb4d84-382c-4ead-b585-d8ef0018fefe-S6551/framew
Event: 5,834 Thread 0x00007ff4fc003000 Exception <a 'java/lang/IncompatibleClassChangeError'{0x000000009954b098}: Found class java.lang.Object, but interface was expected> (0x000000009954b098) thrown at [/scratch/opt/mach5/mesos/work_dir/slaves/83bb4d84-382c-4ead-b585-d8ef0018fefe-S6551/framew
Event: 5,984 Thread 0x00007ff4f403b800 Exception <a 'java/lang/NoSuchMethodError'{0x00000000994cc480}: java.lang.invoke.DirectMethodHandle$Holder.invokeStatic(Ljava/lang/Object;Ljava/lang/Object;Ljava/lang/Object;Ljava/lang/Object;Ljava/lang/Object;Ljava/lang/Object;Ljava/lang/Object;Ljava/lan
Event: 5,986 Thread 0x00007ff4f403b800 Exception <a 'java/lang/NoSuchMethodError'{0x00000000994ea400}: java.lang.invoke.DirectMethodHandle$Holder.invokeStatic(Ljava/lang/Object;Ljava/lang/Object;Ljava/lang/Object;Ljava/lang/Object;Ljava/lang/Object;Ljava/lang/Object;Ljava/lang/Object;Ljava/lan
Event: 5,988 Thread 0x00007ff4f403b800 Exception <a 'java/lang/NoSuchMethodError'{0x0000000099309950}: java.lang.invoke.DirectMethodHandle$Holder.invokeStatic(Ljava/lang/Object;Ljava/lang/Object;Ljava/lang/Object;Ljava/lang/Object;Ljava/lang/Object;Ljava/lang/Object;Ljava/lang/Object;Ljava/lan
Event: 6,014 Thread 0x00007ff4f403b800 Exception <a 'java/lang/NoSuchMethodError'{0x000000009932a148}: java.lang.invoke.DirectMethodHandle$Holder.invokeStatic(Ljava/lang/Object;Ljava/lang/Object;Ljava/lang/Object;Ljava/lang/Object;Ljava/lang/Object;Ljava/lang/Object;Ljava/lang/Object;Ljava/lan

Events (10 events):
Event: 20,464 Executing VM operation: G1CollectForAllocation done
Event: 20,492 Executing VM operation: RevokeBias
Event: 20,666 Executing VM operation: RevokeBias done
Event: 20,666 Executing VM operation: RevokeBias
Event: 20,666 Executing VM operation: RevokeBias done
Event: 20,666 Executing VM operation: G1CollectForAllocation
Event: 21,716 Executing VM operation: G1CollectForAllocation done
Event: 22,342 Executing VM operation: G1CollectForAllocation
Event: 26,095 Executing VM operation: G1CollectForAllocation done
Event: 26,176 Executing VM operation: G1CollectForAllocation


Dynamic libraries:
00400000-00401000 r-xp 00000000 fd:01 658983                             /usr/lib/jvm/jdk-11.0.1/bin/java
00600000-00601000 r--p 00000000 fd:01 658983                             /usr/lib/jvm/jdk-11.0.1/bin/java
00601000-00602000 rw-p 00001000 fd:01 658983                             /usr/lib/jvm/jdk-11.0.1/bin/java
0107b000-0109c000 rw-p 00000000 00:00 0                                  [heap]
93c00000-9c300000 rw-p 00000000 00:00 0 
ad100000-100000000 ---p 00000000 00:00 0 
100000000-1003c0000 rw-p 00000000 00:00 0 
1003c0000-140000000 ---p 00000000 00:00 0 
7ff4e4000000-7ff4e4a87000 rw-p 00000000 00:00 0 
7ff4e4a87000-7ff4e8000000 ---p 00000000 00:00 0 
7ff4ec000000-7ff4ec021000 rw-p 00000000 00:00 0 
7ff4ec021000-7ff4f0000000 ---p 00000000 00:00 0 
7ff4f0000000-7ff4f0021000 rw-p 00000000 00:00 0 
7ff4f0021000-7ff4f4000000 ---p 00000000 00:00 0 
7ff4f4000000-7ff4f4422000 rw-p 00000000 00:00 0 
7ff4f4422000-7ff4f8000000 ---p 00000000 00:00 0 
7ff4f8000000-7ff4f850c000 rw-p 00000000 00:00 0 
7ff4f850c000-7ff4fc000000 ---p 00000000 00:00 0 
7ff4fc000000-7ff4fc021000 rw-p 00000000 00:00 0 
7ff4fc021000-7ff500000000 ---p 00000000 00:00 0 
7ff501f4a000-7ff501f4e000 ---p 00000000 00:00 0 
7ff501f4e000-7ff50204b000 rw-p 00000000 00:00 0 
7ff5025ef000-7ff5026ef000 rw-p 00000000 00:00 0 
7ff5026ef000-7ff5027ef000 ---p 00000000 00:00 0 
7ff5027ef000-7ff5029ef000 rw-p 00000000 00:00 0 
7ff5029ef000-7ff502bef000 rw-p 00000000 00:00 0 
7ff502bef000-7ff502def000 rw-p 00000000 00:00 0 
7ff502def000-7ff502fef000 rw-p 00000000 00:00 0 
7ff502fef000-7ff5031ef000 rw-p 00000000 00:00 0 
7ff5031ef000-7ff5031f0000 ---p 00000000 00:00 0 
7ff5031f0000-7ff5032f1000 rw-p 00000000 00:00 0 
7ff5032f1000-7ff5032f2000 ---p 00000000 00:00 0 
7ff5032f2000-7ff5035f3000 rw-p 00000000 00:00 0 
7ff5035f3000-7ff5037f3000 rw-p 00000000 00:00 0 
7ff5037f3000-7ff5037f7000 ---p 00000000 00:00 0 
7ff5037f7000-7ff5038f4000 rw-p 00000000 00:00 0 
7ff5038f4000-7ff5038f8000 ---p 00000000 00:00 0 
7ff5038f8000-7ff503bf5000 rw-p 00000000 00:00 0 
7ff503bf5000-7ff503bfa000 r-xp 00000000 fd:01 13764601                   /usr/lib/jvm/jdk-11.0.1/lib/libmanagement_ext.so
7ff503bfa000-7ff503df9000 ---p 00005000 fd:01 13764601                   /usr/lib/jvm/jdk-11.0.1/lib/libmanagement_ext.so
7ff503df9000-7ff503dfa000 r--p 00004000 fd:01 13764601                   /usr/lib/jvm/jdk-11.0.1/lib/libmanagement_ext.so
7ff503dfa000-7ff503dfb000 rw-p 00005000 fd:01 13764601                   /usr/lib/jvm/jdk-11.0.1/lib/libmanagement_ext.so
7ff503dfb000-7ff503dff000 r-xp 00000000 fd:01 13764611                   /usr/lib/jvm/jdk-11.0.1/lib/libmanagement.so
7ff503dff000-7ff503ffe000 ---p 00004000 fd:01 13764611                   /usr/lib/jvm/jdk-11.0.1/lib/libmanagement.so
7ff503ffe000-7ff503fff000 r--p 00003000 fd:01 13764611                   /usr/lib/jvm/jdk-11.0.1/lib/libmanagement.so
7ff503fff000-7ff504000000 rw-p 00004000 fd:01 13764611                   /usr/lib/jvm/jdk-11.0.1/lib/libmanagement.so
7ff504000000-7ff505d35000 rw-p 00000000 00:00 0 
7ff505d35000-7ff508000000 ---p 00000000 00:00 0 
7ff508000000-7ff508021000 rw-p 00000000 00:00 0 
7ff508021000-7ff50c000000 ---p 00000000 00:00 0 
7ff50c000000-7ff50c021000 rw-p 00000000 00:00 0 
7ff50c021000-7ff510000000 ---p 00000000 00:00 0 
7ff510000000-7ff510021000 rw-p 00000000 00:00 0 
7ff510021000-7ff514000000 ---p 00000000 00:00 0 
7ff514000000-7ff514021000 rw-p 00000000 00:00 0 
7ff514021000-7ff518000000 ---p 00000000 00:00 0 
7ff518000000-7ff518021000 rw-p 00000000 00:00 0 
7ff518021000-7ff51c000000 ---p 00000000 00:00 0 
7ff51c000000-7ff51c021000 rw-p 00000000 00:00 0 
7ff51c021000-7ff520000000 ---p 00000000 00:00 0 
7ff520000000-7ff52005f000 rw-p 00000000 00:00 0 
7ff52005f000-7ff524000000 ---p 00000000 00:00 0 
7ff524000000-7ff524bb6000 rw-p 00000000 00:00 0 
7ff524bb6000-7ff528000000 ---p 00000000 00:00 0 
7ff528000000-7ff528021000 rw-p 00000000 00:00 0 
7ff528021000-7ff52c000000 ---p 00000000 00:00 0 
7ff52c000000-7ff52c021000 rw-p 00000000 00:00 0 
7ff52c021000-7ff530000000 ---p 00000000 00:00 0 
7ff530000000-7ff53231f000 rw-p 00000000 00:00 0 
7ff53231f000-7ff534000000 ---p 00000000 00:00 0 
7ff534000000-7ff534021000 rw-p 00000000 00:00 0 
7ff534021000-7ff538000000 ---p 00000000 00:00 0 
7ff538000000-7ff538021000 rw-p 00000000 00:00 0 
7ff538021000-7ff53c000000 ---p 00000000 00:00 0 
7ff53c000000-7ff53c021000 rw-p 00000000 00:00 0 
7ff53c021000-7ff540000000 ---p 00000000 00:00 0 
7ff540000000-7ff540466000 rw-p 00000000 00:00 0 
7ff540466000-7ff544000000 ---p 00000000 00:00 0 
7ff544000000-7ff544021000 rw-p 00000000 00:00 0 
7ff544021000-7ff548000000 ---p 00000000 00:00 0 
7ff548000000-7ff548021000 rw-p 00000000 00:00 0 
7ff548021000-7ff54c000000 ---p 00000000 00:00 0 
7ff54c0ec000-7ff54c0f0000 ---p 00000000 00:00 0 
7ff54c0f0000-7ff54c3ed000 rw-p 00000000 00:00 0 
7ff54c3ed000-7ff54c3ee000 ---p 00000000 00:00 0 
7ff54c3ee000-7ff54c4ef000 rw-p 00000000 00:00 0 
7ff54c4ef000-7ff54c4f3000 ---p 00000000 00:00 0 
7ff54c4f3000-7ff54c5f0000 rw-p 00000000 00:00 0 
7ff54c5f0000-7ff54c606000 r-xp 00000000 fd:01 13764624                   /usr/lib/jvm/jdk-11.0.1/lib/libnet.so
7ff54c606000-7ff54c805000 ---p 00016000 fd:01 13764624                   /usr/lib/jvm/jdk-11.0.1/lib/libnet.so
7ff54c805000-7ff54c806000 r--p 00015000 fd:01 13764624                   /usr/lib/jvm/jdk-11.0.1/lib/libnet.so
7ff54c806000-7ff54c807000 rw-p 00016000 fd:01 13764624                   /usr/lib/jvm/jdk-11.0.1/lib/libnet.so
7ff54c807000-7ff54c817000 r-xp 00000000 fd:01 13764613                   /usr/lib/jvm/jdk-11.0.1/lib/libnio.so
7ff54c817000-7ff54ca16000 ---p 00010000 fd:01 13764613                   /usr/lib/jvm/jdk-11.0.1/lib/libnio.so
7ff54ca16000-7ff54ca17000 r--p 0000f000 fd:01 13764613                   /usr/lib/jvm/jdk-11.0.1/lib/libnio.so
7ff54ca17000-7ff54ca18000 rw-p 00010000 fd:01 13764613                   /usr/lib/jvm/jdk-11.0.1/lib/libnio.so
7ff54ca18000-7ff54ca1c000 ---p 00000000 00:00 0 
7ff54ca1c000-7ff54cb19000 rw-p 00000000 00:00 0 
7ff54cb19000-7ff54cb1a000 ---p 00000000 00:00 0 
7ff54cb1a000-7ff54cc1b000 rw-p 00000000 00:00 0 
7ff54cc1b000-7ff54cc1f000 ---p 00000000 00:00 0 
7ff54cc1f000-7ff54cd1c000 rw-p 00000000 00:00 0 
7ff54cd1c000-7ff54cd20000 ---p 00000000 00:00 0 
7ff54cd20000-7ff54ce1d000 rw-p 00000000 00:00 0 
7ff54ce1d000-7ff54ce21000 ---p 00000000 00:00 0 
7ff54ce21000-7ff54cf1e000 rw-p 00000000 00:00 0 
7ff54cf1e000-7ff54cf22000 ---p 00000000 00:00 0 
7ff54cf22000-7ff54d01f000 rw-p 00000000 00:00 0 
7ff54d01f000-7ff54d023000 r-xp 00000000 fd:01 13764605                   /usr/lib/jvm/jdk-11.0.1/lib/libdt_socket.so
7ff54d023000-7ff54d223000 ---p 00004000 fd:01 13764605                   /usr/lib/jvm/jdk-11.0.1/lib/libdt_socket.so
7ff54d223000-7ff54d224000 r--p 00004000 fd:01 13764605                   /usr/lib/jvm/jdk-11.0.1/lib/libdt_socket.so
7ff54d224000-7ff54d225000 rw-p 00005000 fd:01 13764605                   /usr/lib/jvm/jdk-11.0.1/lib/libdt_socket.so
7ff54d225000-7ff54e000000 r--p 00000000 fd:01 11016900                   /usr/lib/locale/locale-archive
7ff54e000000-7ff550000000 rw-p 00000000 00:00 0 
7ff550000000-7ff550021000 rw-p 00000000 00:00 0 
7ff550021000-7ff554000000 ---p 00000000 00:00 0 
7ff5540df000-7ff5540e3000 ---p 00000000 00:00 0 
7ff5540e3000-7ff554bfc000 rw-p 00000000 00:00 0 
7ff554bfc000-7ff5564f0000 ---p 00000000 00:00 0 
7ff5564f0000-7ff55670c000 rw-p 00000000 00:00 0 
7ff55670c000-7ff558000000 ---p 00000000 00:00 0 
7ff558000000-7ff558021000 rw-p 00000000 00:00 0 
7ff558021000-7ff55c000000 ---p 00000000 00:00 0 
7ff55c004000-7ff55c02a000 r--p 00000000 fd:01 12716322                   /usr/share/locale-langpack/pt_BR/LC_MESSAGES/libc.mo
7ff55c02a000-7ff55c05b000 rw-p 00000000 00:00 0 
7ff55c05b000-7ff55c05f000 ---p 00000000 00:00 0 
7ff55c05f000-7ff55c15c000 rw-p 00000000 00:00 0 
7ff55c15c000-7ff55c160000 ---p 00000000 00:00 0 
7ff55c160000-7ff55c25d000 rw-p 00000000 00:00 0 
7ff55c25d000-7ff55c261000 ---p 00000000 00:00 0 
7ff55c261000-7ff55c35e000 rw-p 00000000 00:00 0 
7ff55c35e000-7ff55c362000 ---p 00000000 00:00 0 
7ff55c362000-7ff55c45f000 rw-p 00000000 00:00 0 
7ff55c45f000-7ff55c463000 ---p 00000000 00:00 0 
7ff55c463000-7ff55c560000 rw-p 00000000 00:00 0 
7ff55c560000-7ff55c561000 ---p 00000000 00:00 0 
7ff55c561000-7ff55c73e000 rw-p 00000000 00:00 0 
7ff55c73e000-7ff55c73f000 ---p 00000000 00:00 0 
7ff55c73f000-7ff55c840000 rw-p 00000000 00:00 0 
7ff55c840000-7ff55c841000 ---p 00000000 00:00 0 
7ff55c841000-7ff55cc45000 rw-p 00000000 00:00 0 
7ff55cc45000-7ff55ceb5000 rwxp 00000000 00:00 0 
7ff55ceb5000-7ff55d1d5000 ---p 00000000 00:00 0 
7ff55d1d5000-7ff55d7a5000 rwxp 00000000 00:00 0 
7ff55d7a5000-7ff56470d000 ---p 00000000 00:00 0 
7ff56470d000-7ff56497d000 rwxp 00000000 00:00 0 
7ff56497d000-7ff56bc45000 ---p 00000000 00:00 0 
7ff56bc45000-7ff574000000 r--s 00000000 fd:01 13764632                   /usr/lib/jvm/jdk-11.0.1/lib/modules
7ff574000000-7ff574c66000 rw-p 00000000 00:00 0 
7ff574c66000-7ff578000000 ---p 00000000 00:00 0 
7ff578018000-7ff57801f000 r--s 00000000 fd:01 11274526                   /usr/lib/x86_64-linux-gnu/gconv/gconv-modules.cache
7ff57801f000-7ff57818a000 rw-p 00000000 00:00 0 
7ff57818a000-7ff57818b000 ---p 00000000 00:00 0 
7ff57818b000-7ff57828c000 rw-p 00000000 00:00 0 
7ff57828c000-7ff57828d000 ---p 00000000 00:00 0 
7ff57828d000-7ff57840c000 rw-p 00000000 00:00 0 
7ff57840c000-7ff57872a000 ---p 00000000 00:00 0 
7ff57872a000-7ff57876e000 rw-p 00000000 00:00 0 
7ff57876e000-7ff578a8c000 ---p 00000000 00:00 0 
7ff578a8c000-7ff578ad0000 rw-p 00000000 00:00 0 
7ff578ad0000-7ff578dee000 ---p 00000000 00:00 0 
7ff578dee000-7ff5791f2000 rw-p 00000000 00:00 0 
7ff5791f2000-7ff5791f3000 ---p 00000000 00:00 0 
7ff5791f3000-7ff5792f9000 rw-p 00000000 00:00 0 
7ff5792f9000-7ff5793df000 ---p 00000000 00:00 0 
7ff5793df000-7ff5793eb000 rw-p 00000000 00:00 0 
7ff5793eb000-7ff5794ca000 ---p 00000000 00:00 0 
7ff5794ca000-7ff5794e5000 r-xp 00000000 fd:01 13764612                   /usr/lib/jvm/jdk-11.0.1/lib/libjimage.so
7ff5794e5000-7ff5796e4000 ---p 0001b000 fd:01 13764612                   /usr/lib/jvm/jdk-11.0.1/lib/libjimage.so
7ff5796e4000-7ff5796e6000 r--p 0001a000 fd:01 13764612                   /usr/lib/jvm/jdk-11.0.1/lib/libjimage.so
7ff5796e6000-7ff5796e7000 rw-p 0001c000 fd:01 13764612                   /usr/lib/jvm/jdk-11.0.1/lib/libjimage.so
7ff5796e7000-7ff5796ee000 r-xp 00000000 fd:01 13764625                   /usr/lib/jvm/jdk-11.0.1/lib/libzip.so
7ff5796ee000-7ff5798ed000 ---p 00007000 fd:01 13764625                   /usr/lib/jvm/jdk-11.0.1/lib/libzip.so
7ff5798ed000-7ff5798ee000 r--p 00006000 fd:01 13764625                   /usr/lib/jvm/jdk-11.0.1/lib/libzip.so
7ff5798ee000-7ff5798ef000 rw-p 00007000 fd:01 13764625                   /usr/lib/jvm/jdk-11.0.1/lib/libzip.so
7ff5798ef000-7ff5798f2000 r-xp 00000000 fd:01 14026005                   /opt/pbis/lib/libuuid.so.0.0.0
7ff5798f2000-7ff5799f1000 ---p 00003000 fd:01 14026005                   /opt/pbis/lib/libuuid.so.0.0.0
7ff5799f1000-7ff5799f2000 rw-p 00002000 fd:01 14026005                   /opt/pbis/lib/libuuid.so.0.0.0
7ff5799f2000-7ff579a7e000 r-xp 00000000 fd:01 14026001                   /opt/pbis/lib/liblwbase_nothr.so.0.0.0
7ff579a7e000-7ff579b7d000 ---p 0008c000 fd:01 14026001                   /opt/pbis/lib/liblwbase_nothr.so.0.0.0
7ff579b7d000-7ff579ba9000 rw-p 0008b000 fd:01 14026001                   /opt/pbis/lib/liblwbase_nothr.so.0.0.0
7ff579ba9000-7ff579bab000 rw-p 00000000 00:00 0 
7ff579bab000-7ff579bd1000 r-xp 00000000 fd:01 14026032                   /opt/pbis/lib/liblsacommon.so.0.0.0
7ff579bd1000-7ff579cd0000 ---p 00026000 fd:01 14026032                   /opt/pbis/lib/liblsacommon.so.0.0.0
7ff579cd0000-7ff579cdc000 rw-p 00025000 fd:01 14026032                   /opt/pbis/lib/liblsacommon.so.0.0.0
7ff579cdc000-7ff579d08000 r-xp 00000000 fd:01 14026039                   /opt/pbis/lib/liblwadvapi_nothr.so.0.0.0
7ff579d08000-7ff579e07000 ---p 0002c000 fd:01 14026039                   /opt/pbis/lib/liblwadvapi_nothr.so.0.0.0
7ff579e07000-7ff579e10000 rw-p 0002b000 fd:01 14026039                   /opt/pbis/lib/liblwadvapi_nothr.so.0.0.0
7ff579e10000-7ff579e2e000 r-xp 00000000 fd:01 14025997                   /opt/pbis/lib/liblwmsg_nothr.so.0.0.0
7ff579e2e000-7ff579f2d000 ---p 0001e000 fd:01 14025997                   /opt/pbis/lib/liblwmsg_nothr.so.0.0.0
7ff579f2d000-7ff579f30000 rw-p 0001d000 fd:01 14025997                   /opt/pbis/lib/liblwmsg_nothr.so.0.0.0
7ff579f30000-7ff579f33000 r-xp 00000000 fd:01 14025971                   /opt/pbis/lib/liblsaauth.so.0.0.0
7ff579f33000-7ff57a033000 ---p 00003000 fd:01 14025971                   /opt/pbis/lib/liblsaauth.so.0.0.0
7ff57a033000-7ff57a034000 rw-p 00003000 fd:01 14025971                   /opt/pbis/lib/liblsaauth.so.0.0.0
7ff57a034000-7ff57a050000 r-xp 00000000 fd:01 14026044                   /opt/pbis/lib/liblsaclient.so.0.0.0
7ff57a050000-7ff57a150000 ---p 0001c000 fd:01 14026044                   /opt/pbis/lib/liblsaclient.so.0.0.0
7ff57a150000-7ff57a151000 rw-p 0001c000 fd:01 14026044                   /opt/pbis/lib/liblsaclient.so.0.0.0
7ff57a151000-7ff57a157000 r-xp 00000000 fd:01 3150835                    /lib/libnss_lsass.so.2
7ff57a157000-7ff57a256000 ---p 00006000 fd:01 3150835                    /lib/libnss_lsass.so.2
7ff57a256000-7ff57a257000 rw-p 00005000 fd:01 3150835                    /lib/libnss_lsass.so.2
7ff57a257000-7ff57a25d000 r--p 00000000 fd:01 3150813                    /lib/x86_64-linux-gnu/libnss_systemd.so.2
7ff57a25d000-7ff57a288000 r-xp 00006000 fd:01 3150813                    /lib/x86_64-linux-gnu/libnss_systemd.so.2
7ff57a288000-7ff57a297000 r--p 00031000 fd:01 3150813                    /lib/x86_64-linux-gnu/libnss_systemd.so.2
7ff57a297000-7ff57a29a000 r--p 0003f000 fd:01 3150813                    /lib/x86_64-linux-gnu/libnss_systemd.so.2
7ff57a29a000-7ff57a29b000 rw-p 00042000 fd:01 3150813                    /lib/x86_64-linux-gnu/libnss_systemd.so.2
7ff57a29b000-7ff57a29c000 rw-p 00000000 00:00 0 
7ff57a29f000-7ff57a2a4000 rw-p 00000000 00:00 0 
7ff57a2a4000-7ff57a2ab000 ---p 00000000 00:00 0 
7ff57a2ab000-7ff57a2b3000 rw-s 00000000 fd:01 4208129                    /tmp/hsperfdata_DB1\sirnande.lima/12858
7ff57a2b3000-7ff57a2ee000 r-xp 00000000 fd:01 13764621                   /usr/lib/jvm/jdk-11.0.1/lib/libjdwp.so
7ff57a2ee000-7ff57a4ed000 ---p 0003b000 fd:01 13764621                   /usr/lib/jvm/jdk-11.0.1/lib/libjdwp.so
7ff57a4ed000-7ff57a4ee000 r--p 0003a000 fd:01 13764621                   /usr/lib/jvm/jdk-11.0.1/lib/libjdwp.so
7ff57a4ee000-7ff57a4ef000 rw-p 0003b000 fd:01 13764621                   /usr/lib/jvm/jdk-11.0.1/lib/libjdwp.so
7ff57a4ef000-7ff57a51a000 r-xp 00000000 fd:01 13764626                   /usr/lib/jvm/jdk-11.0.1/lib/libjava.so
7ff57a51a000-7ff57a719000 ---p 0002b000 fd:01 13764626                   /usr/lib/jvm/jdk-11.0.1/lib/libjava.so
7ff57a719000-7ff57a71a000 r--p 0002a000 fd:01 13764626                   /usr/lib/jvm/jdk-11.0.1/lib/libjava.so
7ff57a71a000-7ff57a71c000 rw-p 0002b000 fd:01 13764626                   /usr/lib/jvm/jdk-11.0.1/lib/libjava.so
7ff57a71c000-7ff57a729000 r-xp 00000000 fd:01 13764622                   /usr/lib/jvm/jdk-11.0.1/lib/libverify.so
7ff57a729000-7ff57a928000 ---p 0000d000 fd:01 13764622                   /usr/lib/jvm/jdk-11.0.1/lib/libverify.so
7ff57a928000-7ff57a92a000 r--p 0000c000 fd:01 13764622                   /usr/lib/jvm/jdk-11.0.1/lib/libverify.so
7ff57a92a000-7ff57a92b000 rw-p 0000e000 fd:01 13764622                   /usr/lib/jvm/jdk-11.0.1/lib/libverify.so
7ff57a92b000-7ff57a92d000 r--p 00000000 fd:01 3150803                    /lib/x86_64-linux-gnu/librt-2.28.so
7ff57a92d000-7ff57a931000 r-xp 00002000 fd:01 3150803                    /lib/x86_64-linux-gnu/librt-2.28.so
7ff57a931000-7ff57a933000 r--p 00006000 fd:01 3150803                    /lib/x86_64-linux-gnu/librt-2.28.so
7ff57a933000-7ff57a934000 r--p 00007000 fd:01 3150803                    /lib/x86_64-linux-gnu/librt-2.28.so
7ff57a934000-7ff57a935000 rw-p 00008000 fd:01 3150803                    /lib/x86_64-linux-gnu/librt-2.28.so
7ff57a935000-7ff57a939000 ---p 00000000 00:00 0 
7ff57a939000-7ff57aa36000 rw-p 00000000 00:00 0 
7ff57aa36000-7ff57aa43000 r--p 00000000 fd:01 3150726                    /lib/x86_64-linux-gnu/libm-2.28.so
7ff57aa43000-7ff57aaee000 r-xp 0000d000 fd:01 3150726                    /lib/x86_64-linux-gnu/libm-2.28.so
7ff57aaee000-7ff57abc1000 r--p 000b8000 fd:01 3150726                    /lib/x86_64-linux-gnu/libm-2.28.so
7ff57abc1000-7ff57abc2000 r--p 0018a000 fd:01 3150726                    /lib/x86_64-linux-gnu/libm-2.28.so
7ff57abc2000-7ff57abc3000 rw-p 0018b000 fd:01 3150726                    /lib/x86_64-linux-gnu/libm-2.28.so
7ff57abc3000-7ff57bd4b000 r-xp 00000000 fd:01 132575                     /usr/lib/jvm/jdk-11.0.1/lib/server/libjvm.so
7ff57bd4b000-7ff57bf4b000 ---p 01188000 fd:01 132575                     /usr/lib/jvm/jdk-11.0.1/lib/server/libjvm.so
7ff57bf4b000-7ff57c015000 r--p 01188000 fd:01 132575                     /usr/lib/jvm/jdk-11.0.1/lib/server/libjvm.so
7ff57c015000-7ff57c04f000 rw-p 01252000 fd:01 132575                     /usr/lib/jvm/jdk-11.0.1/lib/server/libjvm.so
7ff57c04f000-7ff57c0a7000 rw-p 00000000 00:00 0 
7ff57c0a7000-7ff57c0c9000 r--p 00000000 fd:01 3150665                    /lib/x86_64-linux-gnu/libc-2.28.so
7ff57c0c9000-7ff57c23a000 r-xp 00022000 fd:01 3150665                    /lib/x86_64-linux-gnu/libc-2.28.so
7ff57c23a000-7ff57c286000 r--p 00193000 fd:01 3150665                    /lib/x86_64-linux-gnu/libc-2.28.so
7ff57c286000-7ff57c287000 ---p 001df000 fd:01 3150665                    /lib/x86_64-linux-gnu/libc-2.28.so
7ff57c287000-7ff57c28b000 r--p 001df000 fd:01 3150665                    /lib/x86_64-linux-gnu/libc-2.28.so
7ff57c28b000-7ff57c28d000 rw-p 001e3000 fd:01 3150665                    /lib/x86_64-linux-gnu/libc-2.28.so
7ff57c28d000-7ff57c291000 rw-p 00000000 00:00 0 
7ff57c291000-7ff57c292000 r--p 00000000 fd:01 3150686                    /lib/x86_64-linux-gnu/libdl-2.28.so
7ff57c292000-7ff57c294000 r-xp 00001000 fd:01 3150686                    /lib/x86_64-linux-gnu/libdl-2.28.so
7ff57c294000-7ff57c295000 r--p 00003000 fd:01 3150686                    /lib/x86_64-linux-gnu/libdl-2.28.so
7ff57c295000-7ff57c296000 r--p 00003000 fd:01 3150686                    /lib/x86_64-linux-gnu/libdl-2.28.so
7ff57c296000-7ff57c297000 rw-p 00004000 fd:01 3150686                    /lib/x86_64-linux-gnu/libdl-2.28.so
7ff57c297000-7ff57c2a6000 r-xp 00000000 fd:01 132578                     /usr/lib/jvm/jdk-11.0.1/lib/jli/libjli.so
7ff57c2a6000-7ff57c4a6000 ---p 0000f000 fd:01 132578                     /usr/lib/jvm/jdk-11.0.1/lib/jli/libjli.so
7ff57c4a6000-7ff57c4a7000 r--p 0000f000 fd:01 132578                     /usr/lib/jvm/jdk-11.0.1/lib/jli/libjli.so
7ff57c4a7000-7ff57c4a8000 rw-p 00010000 fd:01 132578                     /usr/lib/jvm/jdk-11.0.1/lib/jli/libjli.so
7ff57c4a8000-7ff57c4ae000 r--p 00000000 fd:01 3150795                    /lib/x86_64-linux-gnu/libpthread-2.28.so
7ff57c4ae000-7ff57c4bd000 r-xp 00006000 fd:01 3150795                    /lib/x86_64-linux-gnu/libpthread-2.28.so
7ff57c4bd000-7ff57c4c3000 r--p 00015000 fd:01 3150795                    /lib/x86_64-linux-gnu/libpthread-2.28.so
7ff57c4c3000-7ff57c4c4000 r--p 0001a000 fd:01 3150795                    /lib/x86_64-linux-gnu/libpthread-2.28.so
7ff57c4c4000-7ff57c4c5000 rw-p 0001b000 fd:01 3150795                    /lib/x86_64-linux-gnu/libpthread-2.28.so
7ff57c4c5000-7ff57c4c9000 rw-p 00000000 00:00 0 
7ff57c4c9000-7ff57c4e5000 r-xp 00000000 fd:01 3150834                    /lib/x86_64-linux-gnu/libz.so.1.2.11
7ff57c4e5000-7ff57c6e4000 ---p 0001c000 fd:01 3150834                    /lib/x86_64-linux-gnu/libz.so.1.2.11
7ff57c6e4000-7ff57c6e5000 r--p 0001b000 fd:01 3150834                    /lib/x86_64-linux-gnu/libz.so.1.2.11
7ff57c6e5000-7ff57c6e6000 rw-p 0001c000 fd:01 3150834                    /lib/x86_64-linux-gnu/libz.so.1.2.11
7ff57c6e6000-7ff57c6e8000 rw-p 00000000 00:00 0 
7ff57c6e8000-7ff57c6eb000 r--p 00000000 fd:01 3150753                    /lib/x86_64-linux-gnu/libnss_files-2.28.so
7ff57c6eb000-7ff57c6f2000 r-xp 00003000 fd:01 3150753                    /lib/x86_64-linux-gnu/libnss_files-2.28.so
7ff57c6f2000-7ff57c6f5000 r--p 0000a000 fd:01 3150753                    /lib/x86_64-linux-gnu/libnss_files-2.28.so
7ff57c6f5000-7ff57c6f6000 r--p 0000c000 fd:01 3150753                    /lib/x86_64-linux-gnu/libnss_files-2.28.so
7ff57c6f6000-7ff57c6f7000 rw-p 0000d000 fd:01 3150753                    /lib/x86_64-linux-gnu/libnss_files-2.28.so
7ff57c6f7000-7ff57c6fd000 rw-p 00000000 00:00 0 
7ff57c6fd000-7ff57c6fe000 ---p 00000000 00:00 0 
7ff57c6fe000-7ff57c6ff000 r--p 00000000 00:00 0 
7ff57c6ff000-7ff57c700000 r--p 00000000 fd:01 3150639                    /lib/x86_64-linux-gnu/ld-2.28.so
7ff57c700000-7ff57c720000 r-xp 00001000 fd:01 3150639                    /lib/x86_64-linux-gnu/ld-2.28.so
7ff57c720000-7ff57c728000 r--p 00021000 fd:01 3150639                    /lib/x86_64-linux-gnu/ld-2.28.so
7ff57c728000-7ff57c729000 r--p 00028000 fd:01 3150639                    /lib/x86_64-linux-gnu/ld-2.28.so
7ff57c729000-7ff57c72a000 rw-p 00029000 fd:01 3150639                    /lib/x86_64-linux-gnu/ld-2.28.so
7ff57c72a000-7ff57c72b000 rw-p 00000000 00:00 0 
7fff17355000-7fff1737a000 rw-p 00000000 00:00 0                          [stack]
7fff17393000-7fff17396000 r--p 00000000 00:00 0                          [vvar]
7fff17396000-7fff17398000 r-xp 00000000 00:00 0                          [vdso]
ffffffffff600000-ffffffffff601000 r-xp 00000000 00:00 0                  [vsyscall]


VM Arguments:
jvm_args: -agentlib:jdwp=transport=dt_socket,server=n,suspend=y,address=42541 -Dfile.encoding=UTF-8 -Duser.country=BR -Duser.language=pt -Duser.variant 
java_command: com.para.crudos.api.CrudOrdemServicoApplication
java_class_path (initial): /home/sirnande.lima/projeto-db1/CrudOrdemServico/build/classes/java/main:/home/sirnande.lima/projeto-db1/CrudOrdemServico/build/resources/main:/home/sirnande.lima/.gradle/caches/modules-2/files-2.1/io.rest-assured/json-schema-validator/3.2.0/85b14b94c434ed41c22255b71e1a8a8a014fff61/json-schema-validator-3.2.0.jar:/home/sirnande.lima/.gradle/caches/modules-2/files-2.1/org.springframework.boot/spring-boot-starter-data-jpa/2.1.1.RELEASE/4ebdf1cad10e8596f778850a0fc9e8c6b9fd6dc5/spring-boot-starter-data-jpa-2.1.1.RELEASE.jar:/home/sirnande.lima/.gradle/caches/modules-2/files-2.1/org.hibernate/hibernate-core/5.3.7.Final/f87c5c1bbfc638309824140e68dfaaeb1bb479f3/hibernate-core-5.3.7.Final.jar:/home/sirnande.lima/.gradle/caches/modules-2/files-2.1/javax.persistence/javax.persistence-api/2.2/25665ac8c0b62f50e6488173233239120fc52c96/javax.persistence-api-2.2.jar:/home/sirnande.lima/.gradle/caches/modules-2/files-2.1/org.springframework.boot/spring-boot-starter-parent/2.1.1.RELEASE/905d1edd3ac9cad678a20278b1234dffa6a6efad/spring-boot-starter-parent-2.1.1.RELEASE.pom:/home/sirnande.lima/.gradle/caches/modules-2/files-2.1/org.apache.commons/commons-lang3/3.6/9d28a6b23650e8a7e9063c04588ace6cf7012c17/commons-lang3-3.6.jar:/home/sirnande.lima/.gradle/caches/modules-2/files-2.1/org.flywaydb/flyway-core/5.2.3/c8b6f9a38acc37d314cdc9f393aeb339ab4888bd/flyway-core-5.2.3.jar:/home/sirnande.lima/.gradle/caches/modules-2/files-2.1/com.google.code.gson/gson/2.8.5/f645ed69d595b24d4cf8b3fbb64cc505bede8829/gson-2.8.5.jar:/home/sirnande.lima/.gradle/caches/modules-2/files-2.1/org.springframework.boot/spring-boot-starter-web-services/2.1.1.RELEASE/264f8b28a9c3e1291f831739360699953e9f993c/spring-boot-starter-web-services-2.1.1.RELEASE.jar:/home/sirnande.lima/.gradle/caches/modules-2/files-2.1/org.springframework.boot/spring-boot-starter-web/2.1.1.RELEASE/fccdac7bbd88561a33868101813d9210bd7a13b9/spring-boot-starter-web-2.1.1.RELEASE.jar:/home/sirnande.lima/.gradle/cache
Launcher Type: SUN_STANDARD

[Global flags]
     intx CICompilerCount                          = 3                                         {product} {ergonomic}
     uint ConcGCThreads                            = 1                                         {product} {ergonomic}
     uint G1ConcRefinementThreads                  = 4                                         {product} {ergonomic}
   size_t G1HeapRegionSize                         = 1048576                                   {product} {ergonomic}
    uintx GCDrainStackTargetSize                   = 64                                        {product} {ergonomic}
   size_t InitialHeapSize                          = 115343360                                 {product} {ergonomic}
   size_t MarkStackSize                            = 4194304                                   {product} {ergonomic}
   size_t MaxHeapSize                              = 1816133632                                {product} {ergonomic}
   size_t MaxNewSize                               = 1089470464                                {product} {ergonomic}
   size_t MinHeapDeltaBytes                        = 1048576                                   {product} {ergonomic}
    uintx NonNMethodCodeHeapSize                   = 5830092                                {pd product} {ergonomic}
    uintx NonProfiledCodeHeapSize                  = 122914074                              {pd product} {ergonomic}
    uintx ProfiledCodeHeapSize                     = 122914074                              {pd product} {ergonomic}
    uintx ReservedCodeCacheSize                    = 251658240                              {pd product} {ergonomic}
     bool SegmentedCodeCache                       = true                                      {product} {ergonomic}
     bool UseCompressedClassPointers               = true                                 {lp64_product} {ergonomic}
     bool UseCompressedOops                        = true                                 {lp64_product} {ergonomic}
     bool UseG1GC                                  = true                                      {product} {ergonomic}

Logging:
Log output configuration:
 #0: stdout all=warning uptime,level,tags
 #1: stderr all=off uptime,level,tags

Environment Variables:
JAVA_HOME=/usr/lib/jvm/java-8-oracle
PATH=/usr/local/sbin:/usr/local/bin:/usr/sbin:/usr/bin:/sbin:/bin:/usr/games:/usr/local/games:/snap/bin:/usr/lib/jvm/java-8-oracle/bin:/usr/lib/jvm/java-8-oracle/db/bin:/usr/lib/jvm/java-8-oracle/jre/bin
USERNAME=DB1\sirnande.lima
SHELL=/bin/bash
DISPLAY=:0

Signal Handlers:
SIGSEGV: [libjvm.so+0xe5ac10], sa_mask[0]=11111111011111111101111111111110, sa_flags=SA_RESTART|SA_SIGINFO
SIGBUS: [libjvm.so+0xe5ac10], sa_mask[0]=11111111011111111101111111111110, sa_flags=SA_RESTART|SA_SIGINFO
SIGFPE: [libjvm.so+0xe5ac10], sa_mask[0]=11111111011111111101111111111110, sa_flags=SA_RESTART|SA_SIGINFO
SIGPIPE: [libjvm.so+0xc30d00], sa_mask[0]=11111111011111111101111111111110, sa_flags=SA_RESTART|SA_SIGINFO
SIGXFSZ: [libjvm.so+0xc30d00], sa_mask[0]=11111111011111111101111111111110, sa_flags=SA_RESTART|SA_SIGINFO
SIGILL: [libjvm.so+0xe5ac10], sa_mask[0]=11111111011111111101111111111110, sa_flags=SA_RESTART|SA_SIGINFO
SIGUSR2: [libjvm.so+0xc30ba0], sa_mask[0]=00100000000000000000000000000000, sa_flags=SA_RESTART|SA_SIGINFO
SIGHUP: [libjvm.so+0xc30f00], sa_mask[0]=11111111011111111101111111111110, sa_flags=SA_RESTART|SA_SIGINFO
SIGINT: [libjvm.so+0xc30f00], sa_mask[0]=11111111011111111101111111111110, sa_flags=SA_RESTART|SA_SIGINFO
SIGTERM: [libjvm.so+0xc30f00], sa_mask[0]=11111111011111111101111111111110, sa_flags=SA_RESTART|SA_SIGINFO
SIGQUIT: [libjvm.so+0xc30f00], sa_mask[0]=11111111011111111101111111111110, sa_flags=SA_RESTART|SA_SIGINFO


---------------  S Y S T E M  ---------------

OS:DISTRIB_ID=Ubuntu
DISTRIB_RELEASE=18.10
DISTRIB_CODENAME=cosmic
DISTRIB_DESCRIPTION="Ubuntu 18.10"
uname:Linux 4.18.0-12-generic #13-Ubuntu SMP Wed Nov 14 15:17:05 UTC 2018 x86_64
libc:glibc 2.28 NPTL 2.28 
rlimit: STACK 8192k, CORE 0k, NPROC 27092, NOFILE 1048576, AS infinity, DATA infinity, FSIZE infinity
load average:17,97 6,07 3,17

/proc/meminfo:
MemTotal:        7088672 kB
MemFree:          145804 kB
MemAvailable:      70984 kB
Buffers:            5256 kB
Cached:           590792 kB
SwapCached:        15672 kB
Active:          5131620 kB
Inactive:        1361248 kB
Active(anon):    5108772 kB
Inactive(anon):  1330268 kB
Active(file):      22848 kB
Inactive(file):    30980 kB
Unevictable:          64 kB
Mlocked:              64 kB
SwapTotal:        999420 kB
SwapFree:              0 kB
Dirty:                40 kB
Writeback:             0 kB
AnonPages:       5882244 kB
Mapped:           225932 kB
Shmem:            541504 kB
Slab:             240284 kB
SReclaimable:      76328 kB
SUnreclaim:       163956 kB
KernelStack:       26640 kB
PageTables:        73592 kB
NFS_Unstable:          0 kB
Bounce:                0 kB
WritebackTmp:          0 kB
CommitLimit:     4543756 kB
Committed_AS:   18201476 kB
VmallocTotal:   34359738367 kB
VmallocUsed:           0 kB
VmallocChunk:          0 kB
HardwareCorrupted:     0 kB
AnonHugePages:         0 kB
ShmemHugePages:        0 kB
ShmemPmdMapped:        0 kB
CmaTotal:              0 kB
CmaFree:               0 kB
HugePages_Total:       0
HugePages_Free:        0
HugePages_Rsvd:        0
HugePages_Surp:        0
Hugepagesize:       2048 kB
Hugetlb:               0 kB
DirectMap4k:      411780 kB
DirectMap2M:     6881280 kB
DirectMap1G:           0 kB


/proc/sys/kernel/threads-max (system-wide limit on the number of threads):
54184


/proc/sys/vm/max_map_count (maximum number of memory map areas a process may have):
65530


/proc/sys/kernel/pid_max (system-wide limit on number of process identifiers):
32768


container (cgroup) information:
container_type: cgroupv1
cpu_cpuset_cpus: 0-3
cpu_memory_nodes: 0
active_processor_count: 4
cpu_quota: -1
cpu_period: 100000
cpu_shares: -1
memory_limit_in_bytes: -1
memory_and_swap_limit_in_bytes: -2
memory_soft_limit_in_bytes: -1
memory_usage_in_bytes: 5727555584
memory_max_usage_in_bytes: 5759246336


CPU:total 4 (initial active 4) (2 cores per cpu, 2 threads per core) family 6 model 142 stepping 9, cmov, cx8, fxsr, mmx, sse, sse2, sse3, ssse3, sse4.1, sse4.2, popcnt, avx, avx2, aes, clmul, erms, 3dnowpref, lzcnt, ht, tsc, tscinvbit, bmi1, bmi2, adx, fma
CPU Model and flags from /proc/cpuinfo:
model name	: Intel(R) Core(TM) i5-7200U CPU @ 2.50GHz
flags		: fpu vme de pse tsc msr pae mce cx8 apic sep mtrr pge mca cmov pat pse36 clflush dts acpi mmx fxsr sse sse2 ss ht tm pbe syscall nx pdpe1gb rdtscp lm constant_tsc art arch_perfmon pebs bts rep_good nopl xtopology nonstop_tsc cpuid aperfmperf tsc_known_freq pni pclmulqdq dtes64 monitor ds_cpl vmx est tm2 ssse3 sdbg fma cx16 xtpr pdcm pcid sse4_1 sse4_2 x2apic movbe popcnt tsc_deadline_timer aes xsave avx f16c rdrand lahf_lm abm 3dnowprefetch cpuid_fault invpcid_single pti ssbd ibrs ibpb stibp tpr_shadow vnmi flexpriority ept vpid fsgsbase tsc_adjust bmi1 avx2 smep bmi2 erms invpcid mpx rdseed adx smap clflushopt intel_pt xsaveopt xsavec xgetbv1 xsaves dtherm ida arat pln pts hwp hwp_notify hwp_act_window hwp_epp flush_l1d

Memory: 4k page, physical 7088672k(143388k free), swap 999420k(0k free)

vm_info: Java HotSpot(TM) 64-Bit Server VM (11.0.1+13-LTS) for linux-amd64 JRE (11.0.1+13-LTS), built on Oct  6 2018 05:13:05 by "mach5one" with gcc 7.3.0

END.
